<?xml version="1.0" encoding="UTF-8"?>
<!-- Generated by org.testng.reporters.JUnitXMLReporter -->
<testsuite ignored="0" hostname="DESKTOP-I9F7QIS" failures="0" tests="2" name="TutorialsNinja Test" time="17.141" errors="0" timestamp="2023-04-08T11:39:43 EDT">
  <testcase classname="com.dataproviderExcelSheet_8thApril_2023.TutorialsNinjaLoginTest" name="rediffLogin" time="8.964"/>
  <testcase classname="com.dataproviderExcelSheet_8thApril_2023.TutorialsNinjaRegisterTest" name="rediffLogin" time="8.145"/>
</testsuite> <!-- TutorialsNinja Test -->
